d:\강의자료모음\왕초보프로그래밍\소스코드\chattingserver\chatserver\debug\vc140.pdb
d:\강의자료모음\왕초보프로그래밍\소스코드\chattingserver\chatserver\debug\vc140.idb
d:\강의자료모음\왕초보프로그래밍\소스코드\chattingserver\chatserver\debug\handleclient.obj
d:\강의자료모음\왕초보프로그래밍\소스코드\chattingserver\chatserver\debug\servermain.obj
d:\강의자료모음\왕초보프로그래밍\소스코드\chattingserver\chatserver\debug\chatserver.ilk
d:\강의자료모음\왕초보프로그래밍\소스코드\chattingserver\chatserver\debug\chatserver.exe
d:\강의자료모음\왕초보프로그래밍\소스코드\chattingserver\chatserver\debug\chatserver.pdb
d:\강의자료모음\컴퓨터공학스쿨\소스코드\c++\chattingserver\chatserver\debug\handleclient.obj
d:\강의자료모음\컴퓨터공학스쿨\소스코드\c++\chattingserver\chatserver\debug\servermain.obj
d:\강의자료모음\컴퓨터공학스쿨\소스코드\c++\chattingserver\chatserver\debug\chatserver.ilk
d:\강의자료모음\컴퓨터공학스쿨\소스코드\c++\chattingserver\chatserver\debug\vc140.idb
d:\강의자료모음\컴퓨터공학스쿨\소스코드\c++\chattingserver\chatserver\debug\chatserver.pdb
d:\강의자료모음\컴퓨터공학스쿨\소스코드\c++\chattingserver\chatserver\debug\vc140.pdb
d:\강의자료모음\컴퓨터공학스쿨\소스코드\c++\chattingserver\chatserver\debug\chatserver.exe
d:\강의자료모음\컴퓨터공학스쿨\소스코드\c++\chattingserver\chatserver\debug\chatserver.tlog\cl.command.1.tlog
d:\강의자료모음\컴퓨터공학스쿨\소스코드\c++\chattingserver\chatserver\debug\chatserver.tlog\cl.read.1.tlog
d:\강의자료모음\컴퓨터공학스쿨\소스코드\c++\chattingserver\chatserver\debug\chatserver.tlog\cl.write.1.tlog
d:\강의자료모음\컴퓨터공학스쿨\소스코드\c++\chattingserver\chatserver\debug\chatserver.tlog\link.command.1.tlog
d:\강의자료모음\컴퓨터공학스쿨\소스코드\c++\chattingserver\chatserver\debug\chatserver.tlog\link.read.1.tlog
d:\강의자료모음\컴퓨터공학스쿨\소스코드\c++\chattingserver\chatserver\debug\chatserver.tlog\link.write.1.tlog
